{"name": "test_create_booking_tc2", "status": "failed", "statusDetails": {"message": "AssertionError: assert True == False", "trace": "@pytest.mark.run(order=2)\n    def test_create_booking_tc2():\n>       assert True == False\nE       assert True == False\n\nintegration_test\\test_create_booking.py:18: AssertionError"}, "start": 1690156251868, "stop": 1690156251868, "uuid": "dbe3d83c-0cc0-47a4-af7f-4e1f0a4092ad", "historyId": "745bb4716ab15f0ab5f17e1c3e06580c", "testCaseId": "745bb4716ab15f0ab5f17e1c3e06580c", "fullName": "integration_test.test_create_booking#test_create_booking_tc2", "labels": [{"name": "tag", "value": "run(order=2)"}, {"name": "parentSuite", "value": "integration_test"}, {"name": "suite", "value": "test_create_booking"}, {"name": "host", "value": "LPT-1298"}, {"name": "thread", "value": "12396-MainThread"}, {"name": "framework", "value": "pytest"}, {"name": "language", "value": "cpython3"}, {"name": "package", "value": "integration_test.test_create_booking"}]}